\BOOKMARK [0][-]{chapter.1}{\376\377\000P\000R\000E\000P\000R\000O\000C\000E\000S\000S\000I\000N\000G}{}% 1
\BOOKMARK [1][-]{section.1.1}{\376\377\000L\000o\000a\000d\000i\000n\000g\000\040\000D\000a\000t\000a\000\040\000F\000i\000l\000e\000s}{chapter.1}% 2
\BOOKMARK [1][-]{section.1.2}{\376\377\000F\000e\000a\000t\000u\000r\000e\000\040\000E\000n\000g\000i\000n\000e\000e\000r\000i\000n\000g}{chapter.1}% 3
\BOOKMARK [1][-]{section.1.3}{\376\377\000V\000i\000s\000u\000a\000l\000i\000z\000a\000t\000i\000o\000n}{chapter.1}% 4
\BOOKMARK [0][-]{chapter.2}{\376\377\000M\000E\000T\000H\000O\000D\000O\000L\000O\000G\000Y}{}% 5
\BOOKMARK [1][-]{section.2.1}{\376\377\000D\000a\000t\000a\000\040\000P\000r\000e\000p\000r\000o\000c\000e\000s\000s\000i\000n\000g}{chapter.2}% 6
\BOOKMARK [1][-]{section.2.2}{\376\377\000R\000e\000g\000r\000e\000s\000s\000i\000o\000n\000\040\000M\000o\000d\000e\000l\000s}{chapter.2}% 7
\BOOKMARK [1][-]{section.2.3}{\376\377\000L\000o\000n\000g\000-\000S\000h\000o\000r\000t\000\040\000T\000e\000r\000m\000\040\000M\000e\000m\000o\000r\000y\000\040\000\050\000L\000S\000T\000M\000\051}{chapter.2}% 8
\BOOKMARK [2][-]{subsection.2.3.1}{\376\377\000A\000r\000c\000h\000i\000t\000e\000c\000t\000u\000r\000e}{section.2.3}% 9
\BOOKMARK [1][-]{section.2.4}{\376\377\000E\000v\000a\000l\000u\000a\000t\000i\000o\000n}{chapter.2}% 10
\BOOKMARK [2][-]{subsection.2.4.1}{\376\377\000C\000r\000o\000s\000s\000\040\000V\000a\000l\000i\000d\000a\000t\000i\000o\000n\000s}{section.2.4}% 11
\BOOKMARK [2][-]{subsection.2.4.2}{\376\377\000R\000e\000c\000o\000m\000m\000e\000n\000d\000a\000t\000i\000o\000n\000s}{section.2.4}% 12
\BOOKMARK [1][-]{section.2.5}{\376\377\000T\000r\000a\000i\000n\000i\000n\000g\000\040\000L\000S\000T\000M\000\040\000M\000o\000d\000e\000l}{chapter.2}% 13
\BOOKMARK [2][-]{subsection.2.5.1}{\376\377\000T\000r\000a\000i\000n\000i\000n\000g\000\040\000S\000e\000t\000t\000i\000n\000g\000s}{section.2.5}% 14
\BOOKMARK [2][-]{subsection.2.5.2}{\376\377\000R\000e\000s\000u\000l\000t\000s\000\040\000\046\000\040\000D\000i\000s\000c\000u\000s\000s\000i\000o\000n}{section.2.5}% 15
\BOOKMARK [0][-]{chapter.3}{\376\377\000E\000v\000a\000l\000u\000a\000t\000i\000o\000n}{}% 16
\BOOKMARK [1][-]{section.3.1}{\376\377\000P\000r\000e\000d\000i\000c\000t\000i\000o\000n\000s}{chapter.3}% 17
\BOOKMARK [0][-]{chapter.4}{\376\377\000Q\000U\000E\000S\000T\000I\000O\000N\000S}{}% 18
\BOOKMARK [0][-]{chapter.5}{\376\377\000A\000p\000p\000e\000n\000d\000i\000x}{}% 19
\BOOKMARK [1][-]{section.5.1}{\376\377\000C\000o\000d\000e}{chapter.5}% 20
\BOOKMARK [2][-]{subsection.5.1.1}{\376\377\000l\000o\000a\000d\000d\000a\000t\000a\000.\000p\000y}{section.5.1}% 21
\BOOKMARK [2][-]{subsection.5.1.2}{\376\377\000p\000r\000e\000p\000r\000o\000c\000e\000s\000s\000i\000n\000g\000.\000p\000y}{section.5.1}% 22
\BOOKMARK [2][-]{subsection.5.1.3}{\376\377\000t\000r\000a\000i\000n\000\137\000L\000S\000T\000M\000.\000p\000y}{section.5.1}% 23
\BOOKMARK [2][-]{subsection.5.1.4}{\376\377\000p\000r\000e\000d\000i\000c\000t\000i\000o\000n\000s\000\137\000L\000S\000T\000M\000.\000p\000y}{section.5.1}% 24
